SF:lib/features/models/countries_list.dart
DA:2,5
DA:10,10
DA:11,5
DA:12,5
DA:15,5
DA:16,5
DA:17,15
LF:7
LH:7
end_of_record
SF:lib/features/repository/list_of_countries_repository.dart
DA:5,2
DA:6,2
DA:10,2
DA:12,2
DA:14,0
DA:15,4
LF:6
LH:5
end_of_record
SF:lib/features/services/list_of_countries_service.dart
DA:9,1
DA:10,1
DA:11,0
DA:15,1
DA:18,1
DA:19,3
DA:20,3
DA:22,1
DA:28,3
DA:30,2
DA:31,1
DA:32,3
DA:35,2
DA:36,1
DA:38,1
LF:15
LH:14
end_of_record
SF:lib/features/bloc/list_of_countries_bloc.dart
DA:12,1
DA:13,2
DA:18,0
DA:19,0
DA:21,1
DA:24,2
DA:25,1
DA:27,2
DA:28,2
DA:31,0
DA:32,0
DA:37,0
DA:40,0
DA:41,0
DA:43,0
DA:44,0
DA:47,0
DA:48,0
DA:53,1
DA:54,2
DA:55,2
LF:21
LH:10
end_of_record
SF:lib/features/models/county_detail.dart
DA:2,1
DA:18,2
DA:19,2
DA:20,2
DA:21,2
DA:22,2
DA:23,2
DA:24,2
DA:25,4
DA:30,0
DA:38,0
DA:39,0
DA:40,0
DA:46,1
DA:60,2
DA:61,1
DA:62,1
DA:63,1
DA:64,1
DA:66,5
DA:72,1
DA:80,2
DA:81,1
DA:82,1
DA:87,1
DA:95,2
DA:96,1
DA:97,1
DA:100,0
DA:101,0
DA:102,0
DA:107,1
DA:117,2
DA:118,1
DA:119,1
DA:120,1
DA:125,0
DA:133,0
DA:134,0
DA:135,0
DA:138,0
DA:139,0
DA:140,0
DA:145,1
DA:157,2
DA:158,1
DA:159,1
DA:160,1
DA:161,1
DA:167,1
DA:173,2
DA:174,1
DA:179,1
DA:187,2
DA:188,1
DA:189,1
LF:56
LH:42
end_of_record
SF:lib/features/repository/country_sepcific_data_repository.dart
DA:5,0
DA:6,0
DA:10,0
DA:12,0
DA:14,0
DA:15,0
LF:6
LH:0
end_of_record
SF:lib/features/services/country_specific_data_service.dart
DA:10,0
DA:11,0
DA:15,0
DA:17,0
DA:19,0
DA:21,0
DA:26,0
DA:27,0
DA:30,0
DA:31,0
DA:34,0
DA:35,0
DA:38,0
LF:13
LH:0
end_of_record
SF:lib/features/screens/details_travel_info_screen.dart
DA:6,0
DA:9,0
DA:11,0
DA:12,0
DA:13,0
DA:15,0
DA:16,0
DA:17,0
DA:18,0
DA:22,0
DA:25,0
DA:31,0
DA:32,0
DA:33,0
DA:34,0
DA:36,0
DA:39,0
DA:40,0
DA:41,0
DA:42,0
DA:43,0
DA:44,0
DA:45,0
DA:46,0
DA:47,0
DA:48,0
DA:49,0
DA:51,0
DA:52,0
DA:53,0
DA:55,0
DA:60,0
DA:63,0
DA:64,0
DA:65,0
DA:67,0
DA:71,0
DA:74,0
DA:75,0
DA:78,0
DA:79,0
DA:80,0
DA:83,0
DA:84,0
DA:85,0
DA:88,0
DA:89,0
DA:90,0
DA:93,0
DA:94,0
DA:95,0
DA:98,0
DA:99,0
DA:100,0
DA:101,0
DA:102,0
DA:105,0
DA:106,0
DA:107,0
DA:108,0
DA:109,0
DA:116,0
DA:117,0
DA:118,0
DA:119,0
LF:65
LH:0
end_of_record
SF:lib/features/screens/travel_guide_screen.dart
DA:7,1
DA:9,1
DA:10,1
DA:17,1
DA:19,0
DA:20,1
DA:21,1
DA:24,1
DA:26,1
DA:27,1
DA:28,1
DA:30,1
DA:31,1
DA:32,1
DA:33,1
DA:37,0
DA:40,2
DA:46,1
DA:47,1
DA:48,1
DA:49,1
DA:50,0
DA:52,0
DA:53,0
DA:54,0
DA:60,1
DA:61,1
DA:62,1
DA:64,1
DA:66,1
DA:69,1
DA:70,1
DA:72,1
DA:73,1
DA:74,2
DA:75,1
DA:76,3
DA:82,1
DA:84,1
DA:85,1
LF:40
LH:34
end_of_record
SF:lib/features/services/custom_http_exception.dart
DA:4,1
DA:10,1
DA:12,1
DA:13,1
DA:14,2
DA:15,1
DA:16,2
DA:17,1
LF:8
LH:8
end_of_record
